[0mGET /login?a=5 [32m200 [0m6.682 ms {"a":"5"}
[0mGET /login?a=5 [32m200 [0m6.956 ms {"a":"5"}
[request  info]  =====> GET /login?a=5 è¯·æ±‚å‚æ•° ===> {"a":"5"}
[response info]  =====> /login?a=5 200 å“åº”æ•°æ® ===> {"message":"login"}
[request  info]  =====> GET /sockjs-node/info?t=1536580348285 è¯·æ±‚å‚æ•° ===> {"t":"1536580348285"}
[response info]  =====> /sockjs-node/info?t=1536580348285 404 å“åº”æ•°æ® ===> -
[request  info]  =====> GET /sockjs-node/info?t=1536580348289 è¯·æ±‚å‚æ•° ===> {"t":"1536580348289"}
[response info]  =====> /sockjs-node/info?t=1536580348289 404 å“åº”æ•°æ® ===> -
[request  info]  =====> GET /sockjs-node/info?t=1536580348293 è¯·æ±‚å‚æ•° ===> {"t":"1536580348293"}
[response info]  =====> /sockjs-node/info?t=1536580348293 404 å“åº”æ•°æ® ===> -
[request  info]  =====> GET /sockjs-node/info?t=1536580349274 è¯·æ±‚å‚æ•° ===> {"t":"1536580349274"}
[response info]  =====> /sockjs-node/info?t=1536580349274 404 å“åº”æ•°æ® ===> -
[request  info]  =====> GET /sockjs-node/info?t=1536580349277 è¯·æ±‚å‚æ•° ===> {"t":"1536580349277"}
[response info]  =====> /sockjs-node/info?t=1536580349277 404 å“åº”æ•°æ® ===> -
[request  info]  =====> GET /sockjs-node/info?t=1536580349350 è¯·æ±‚å‚æ•° ===> {"t":"1536580349350"}
[response info]  =====> /sockjs-node/info?t=1536580349350 404 å“åº”æ•°æ® ===> -
[request  info]  =====> GET /?productCode=LTCS&day=2018%2F09%2F10 è¯·æ±‚å‚æ•° ===> {"productCode":"LTCS","day":"2018/09/10"}
[response info]  =====> /?productCode=LTCS&day=2018%2F09%2F10 200 å“åº”æ•°æ® ===> -
[request  info]  =====> GET /sockjs-node/info?t=1536580353274 è¯·æ±‚å‚æ•° ===> {"t":"1536580353274"}
[response info]  =====> /sockjs-node/info?t=1536580353274 404 å“åº”æ•°æ® ===> -
[request  info]  =====> GET /sockjs-node/info?t=1536580353277 è¯·æ±‚å‚æ•° ===> {"t":"1536580353277"}
[response info]  =====> /sockjs-node/info?t=1536580353277 404 å“åº”æ•°æ® ===> -
[request  info]  =====> GET /sockjs-node/info?t=1536580353287 è¯·æ±‚å‚æ•° ===> {"t":"1536580353287"}
[response info]  =====> /sockjs-node/info?t=1536580353287 404 å“åº”æ•°æ® ===> -
[request  info]  =====> GET /sockjs-node/info?t=1536580354277 è¯·æ±‚å‚æ•° ===> {"t":"1536580354277"}
[response info]  =====> /sockjs-node/info?t=1536580354277 404 å“åº”æ•°æ® ===> -
[request  info]  =====> GET /sockjs-node/info?t=1536580354279 è¯·æ±‚å‚æ•° ===> {"t":"1536580354279"}
[response info]  =====> /sockjs-node/info?t=1536580354279 404 å“åº”æ•°æ® ===> -
[request  info]  =====> GET / è¯·æ±‚å‚æ•° ===> {}
[response info]  =====> / 200 å“åº”æ•°æ® ===> -
[request  info]  =====> GET /login è¯·æ±‚å‚æ•° ===> {}
[response info]  =====> /login 200 å“åº”æ•°æ® ===> {"message":"login"}
[request  info]  =====> GET /login è¯·æ±‚å‚æ•° ===> {}
[response info]  =====> /login 200 å“åº”æ•°æ® ===> {"message":"login"}
[request  info]  =====> GET /sockjs-node/info?t=1536580360280 è¯·æ±‚å‚æ•° ===> {"t":"1536580360280"}
[response info]  =====> /sockjs-node/info?t=1536580360280 404 å“åº”æ•°æ® ===> -
[request  info]  =====> GET /sockjs-node/info?t=1536580360282 è¯·æ±‚å‚æ•° ===> {"t":"1536580360282"}
[response info]  =====> /sockjs-node/info?t=1536580360282 404 å“åº”æ•°æ® ===> -
[request  info]  =====> GET /sockjs-node/info?t=1536580360286 è¯·æ±‚å‚æ•° ===> {"t":"1536580360286"}
[response info]  =====> /sockjs-node/info?t=1536580360286 404 å“åº”æ•°æ® ===> -
[request  info]  =====> GET /sockjs-node/info?t=1536580361278 è¯·æ±‚å‚æ•° ===> {"t":"1536580361278"}
[response info]  =====> /sockjs-node/info?t=1536580361278 404 å“åº”æ•°æ® ===> -
[request  info]  =====> GET /sockjs-node/info?t=1536580361286 è¯·æ±‚å‚æ•° ===> {"t":"1536580361286"}
[response info]  =====> /sockjs-node/info?t=1536580361286 404 å“åº”æ•°æ® ===> -
[request  info]  =====> GET /sockjs-node/info?t=1536580371284 è¯·æ±‚å‚æ•° ===> {"t":"1536580371284"}
[response info]  =====> /sockjs-node/info?t=1536580371284 404 å“åº”æ•°æ® ===> -
[request  info]  =====> GET /sockjs-node/info?t=1536580371288 è¯·æ±‚å‚æ•° ===> {"t":"1536580371288"}
[response info]  =====> /sockjs-node/info?t=1536580371288 404 å“åº”æ•°æ® ===> -
[request  info]  =====> GET /sockjs-node/info?t=1536580371296 è¯·æ±‚å‚æ•° ===> {"t":"1536580371296"}
[response info]  =====> /sockjs-node/info?t=1536580371296 404 å“åº”æ•°æ® ===> -
[request  info]  =====> GET /sockjs-node/info?t=1536580372279 è¯·æ±‚å‚æ•° ===> {"t":"1536580372279"}
[response info]  =====> /sockjs-node/info?t=1536580372279 404 å“åº”æ•°æ® ===> -
[request  info]  =====> GET /sockjs-node/info?t=1536580372279 è¯·æ±‚å‚æ•° ===> {"t":"1536580372279"}
[response info]  =====> /sockjs-node/info?t=1536580372279 404 å“åº”æ•°æ® ===> -
[request  info]  =====> GET /api/login è¯·æ±‚å‚æ•° ===> {}
[response info]  =====> /api/login 404 å“åº”æ•°æ® ===> -
[request  info]  =====> GET /sockjs-node/info?t=1536580390276 è¯·æ±‚å‚æ•° ===> {"t":"1536580390276"}
[response info]  =====> /sockjs-node/info?t=1536580390276 404 å“åº”æ•°æ® ===> -
[request  info]  =====> GET /sockjs-node/info?t=1536580390281 è¯·æ±‚å‚æ•° ===> {"t":"1536580390281"}
[response info]  =====> /sockjs-node/info?t=1536580390281 404 å“åº”æ•°æ® ===> -
[request  info]  =====> GET /sockjs-node/info?t=1536580390290 è¯·æ±‚å‚æ•° ===> {"t":"1536580390290"}
[response info]  =====> /sockjs-node/info?t=1536580390290 404 å“åº”æ•°æ® ===> -
[request  info]  =====> GET /sockjs-node/info?t=1536580391274 è¯·æ±‚å‚æ•° ===> {"t":"1536580391274"}
[response info]  =====> /sockjs-node/info?t=1536580391274 404 å“åº”æ•°æ® ===> -
[request  info]  =====> GET /sockjs-node/info?t=1536580391276 è¯·æ±‚å‚æ•° ===> {"t":"1536580391276"}
[response info]  =====> /sockjs-node/info?t=1536580391276 404 å“åº”æ•°æ® ===> -
[request  info]  =====> GET /sockjs-node/info?t=1536580425281 è¯·æ±‚å‚æ•° ===> {"t":"1536580425281"}
[response info]  =====> /sockjs-node/info?t=1536580425281 404 å“åº”æ•°æ® ===> -
[request  info]  =====> GET /sockjs-node/info?t=1536580425292 è¯·æ±‚å‚æ•° ===> {"t":"1536580425292"}
[response info]  =====> /sockjs-node/info?t=1536580425292 404 å“åº”æ•°æ® ===> -
[request  info]  =====> GET /sockjs-node/info?t=1536580425300 è¯·æ±‚å‚æ•° ===> {"t":"1536580425300"}
[response info]  =====> /sockjs-node/info?t=1536580425300 404 å“åº”æ•°æ® ===> -
[request  info]  =====> GET /sockjs-node/info?t=1536580425303 è¯·æ±‚å‚æ•° ===> {"t":"1536580425303"}
[response info]  =====> /sockjs-node/info?t=1536580425303 404 å“åº”æ•°æ® ===> -
[request  info]  =====> GET /sockjs-node/info?t=1536580426277 è¯·æ±‚å‚æ•° ===> {"t":"1536580426277"}
[response info]  =====> /sockjs-node/info?t=1536580426277 404 å“åº”æ•°æ® ===> -
[request  info]  =====> GET /sockjs-node/info?t=1536580492282 è¯·æ±‚å‚æ•° ===> {"t":"1536580492282"}
[response info]  =====> /sockjs-node/info?t=1536580492282 404 å“åº”æ•°æ® ===> -
[request  info]  =====> GET /sockjs-node/info?t=1536580492288 è¯·æ±‚å‚æ•° ===> {"t":"1536580492288"}
[response info]  =====> /sockjs-node/info?t=1536580492288 404 å“åº”æ•°æ® ===> -
[request  info]  =====> GET /sockjs-node/info?t=1536580493280 è¯·æ±‚å‚æ•° ===> {"t":"1536580493280"}
[response info]  =====> /sockjs-node/info?t=1536580493280 404 å“åº”æ•°æ® ===> -
[request  info]  =====> GET /sockjs-node/info?t=1536580493283 è¯·æ±‚å‚æ•° ===> {"t":"1536580493283"}
[response info]  =====> /sockjs-node/info?t=1536580493283 404 å“åº”æ•°æ® ===> -
[request  info]  =====> GET /sockjs-node/info?t=1536580494275 è¯·æ±‚å‚æ•° ===> {"t":"1536580494275"}
[response info]  =====> /sockjs-node/info?t=1536580494275 404 å“åº”æ•°æ® ===> -
[request  info]  =====> GET /login è¯·æ±‚å‚æ•° ===> {}
[response info]  =====> /login 200 å“åº”æ•°æ® ===> {"message":"login"}
[request  info]  =====> GET /sockjs-node/info?t=1536580623280 è¯·æ±‚å‚æ•° ===> {"t":"1536580623280"}
[response info]  =====> /sockjs-node/info?t=1536580623280 404 å“åº”æ•°æ® ===> -
[request  info]  =====> GET /sockjs-node/info?t=1536580623289 è¯·æ±‚å‚æ•° ===> {"t":"1536580623289"}
[response info]  =====> /sockjs-node/info?t=1536580623289 404 å“åº”æ•°æ® ===> -
[request  info]  =====> GET /sockjs-node/info?t=1536580624280 è¯·æ±‚å‚æ•° ===> {"t":"1536580624280"}
[response info]  =====> /sockjs-node/info?t=1536580624280 404 å“åº”æ•°æ® ===> -
[request  info]  =====> GET /sockjs-node/info?t=1536580624284 è¯·æ±‚å‚æ•° ===> {"t":"1536580624284"}
[response info]  =====> /sockjs-node/info?t=1536580624284 404 å“åº”æ•°æ® ===> -
[request  info]  =====> GET /sockjs-node/info?t=1536580625274 è¯·æ±‚å‚æ•° ===> {"t":"1536580625274"}
[response info]  =====> /sockjs-node/info?t=1536580625274 404 å“åº”æ•°æ® ===> -
[request  info]  =====> GET /sockjs-node/info?t=1536580882277 è¯·æ±‚å‚æ•° ===> {"t":"1536580882277"}
[response info]  =====> /sockjs-node/info?t=1536580882277 404 å“åº”æ•°æ® ===> -
[request  info]  =====> GET /sockjs-node/info?t=1536580882291 è¯·æ±‚å‚æ•° ===> {"t":"1536580882291"}
[response info]  =====> /sockjs-node/info?t=1536580882291 404 å“åº”æ•°æ® ===> -
[request  info]  =====> GET /sockjs-node/info?t=1536580883274 è¯·æ±‚å‚æ•° ===> {"t":"1536580883274"}
[response info]  =====> /sockjs-node/info?t=1536580883274 404 å“åº”æ•°æ® ===> -
[request  info]  =====> GET /sockjs-node/info?t=1536580883297 è¯·æ±‚å‚æ•° ===> {"t":"1536580883297"}
[response info]  =====> /sockjs-node/info?t=1536580883297 404 å“åº”æ•°æ® ===> -
[request  info]  =====> GET /sockjs-node/info?t=1536580885275 è¯·æ±‚å‚æ•° ===> {"t":"1536580885275"}
[response info]  =====> /sockjs-node/info?t=1536580885275 404 å“åº”æ•°æ® ===> -
[request  info]  =====> GET /sockjs-node/info?t=1536581397282 è¯·æ±‚å‚æ•° ===> {"t":"1536581397282"}
[response info]  =====> /sockjs-node/info?t=1536581397282 404 å“åº”æ•°æ® ===> -
[request  info]  =====> GET /sockjs-node/info?t=1536581397289 è¯·æ±‚å‚æ•° ===> {"t":"1536581397289"}
[response info]  =====> /sockjs-node/info?t=1536581397289 404 å“åº”æ•°æ® ===> -
[request  info]  =====> GET /sockjs-node/info?t=1536581398293 è¯·æ±‚å‚æ•° ===> {"t":"1536581398293"}
[response info]  =====> /sockjs-node/info?t=1536581398293 404 å“åº”æ•°æ® ===> -
[request  info]  =====> GET /sockjs-node/info?t=1536581398301 è¯·æ±‚å‚æ•° ===> {"t":"1536581398301"}
[response info]  =====> /sockjs-node/info?t=1536581398301 404 å“åº”æ•°æ® ===> -
[request  info]  =====> GET /sockjs-node/info?t=1536581400273 è¯·æ±‚å‚æ•° ===> {"t":"1536581400273"}
[response info]  =====> /sockjs-node/info?t=1536581400273 404 å“åº”æ•°æ® ===> -
[request  info]  =====> GET /sockjs-node/info?t=1536582424285 è¯·æ±‚å‚æ•° ===> {"t":"1536582424285"}
[response info]  =====> /sockjs-node/info?t=1536582424285 404 å“åº”æ•°æ® ===> -
[request  info]  =====> GET /sockjs-node/info?t=1536582424289 è¯·æ±‚å‚æ•° ===> {"t":"1536582424289"}
[response info]  =====> /sockjs-node/info?t=1536582424289 404 å“åº”æ•°æ® ===> -
[request  info]  =====> GET /sockjs-node/info?t=1536582425292 è¯·æ±‚å‚æ•° ===> {"t":"1536582425292"}
[response info]  =====> /sockjs-node/info?t=1536582425292 404 å“åº”æ•°æ® ===> -
[request  info]  =====> GET /sockjs-node/info?t=1536582426279 è¯·æ±‚å‚æ•° ===> {"t":"1536582426279"}
[response info]  =====> /sockjs-node/info?t=1536582426279 404 å“åº”æ•°æ® ===> -
[request  info]  =====> GET /sockjs-node/info?t=1536582427278 è¯·æ±‚å‚æ•° ===> {"t":"1536582427278"}
[response info]  =====> /sockjs-node/info?t=1536582427278 404 å“åº”æ•°æ® ===> -
[request  info]  =====> GET /orders?pageSize=10 è¯·æ±‚å‚æ•° ===> {"pageSize":"10"}
[response info]  =====> /orders?pageSize=10 404 å“åº”æ•°æ® ===> -
[request  info]  =====> GET /robots.txt è¯·æ±‚å‚æ•° ===> {}
[response info]  =====> /robots.txt 404 å“åº”æ•°æ® ===> -
[request  info]  =====> GET /login è¯·æ±‚å‚æ•° ===> {}
[response info]  =====> /login 200 å“åº”æ•°æ® ===> {"message":"login"}
[request  info]  =====> GET /robots.txt è¯·æ±‚å‚æ•° ===> {}
[response info]  =====> /robots.txt 404 å“åº”æ•°æ® ===> -
[request  info]  =====> GET /sockjs-node/info?t=1536646661509 è¯·æ±‚å‚æ•° ===> {"t":"1536646661509"}
[response info]  =====> /sockjs-node/info?t=1536646661509 404 å“åº”æ•°æ® ===> -
[request  info]  =====> GET /sockjs-node/info?t=1536646663566 è¯·æ±‚å‚æ•° ===> {"t":"1536646663566"}
[response info]  =====> /sockjs-node/info?t=1536646663566 404 å“åº”æ•°æ® ===> -
[request  info]  =====> GET /sockjs-node/info?t=1536646664276 è¯·æ±‚å‚æ•° ===> {"t":"1536646664276"}
[response info]  =====> /sockjs-node/info?t=1536646664276 404 å“åº”æ•°æ® ===> -
[request  info]  =====> GET /sockjs-node/info?t=1536646664291 è¯·æ±‚å‚æ•° ===> {"t":"1536646664291"}
[response info]  =====> /sockjs-node/info?t=1536646664291 404 å“åº”æ•°æ® ===> -
[request  info]  =====> GET /sockjs-node/info?t=1536646667649 è¯·æ±‚å‚æ•° ===> {"t":"1536646667649"}
[response info]  =====> /sockjs-node/info?t=1536646667649 404 å“åº”æ•°æ® ===> -
[request  info]  =====> GET /sockjs-node/info?t=1536646669275 è¯·æ±‚å‚æ•° ===> {"t":"1536646669275"}
[response info]  =====> /sockjs-node/info?t=1536646669275 404 å“åº”æ•°æ® ===> -
[request  info]  =====> GET /sockjs-node/info?t=1536646669302 è¯·æ±‚å‚æ•° ===> {"t":"1536646669302"}
[response info]  =====> /sockjs-node/info?t=1536646669302 404 å“åº”æ•°æ® ===> -
